[0m16:44:47.366530 [debug] [MainThread]: Sending event: {'category': 'dbt', 'action': 'invocation', 'label': 'start', 'context': [<snowplow_tracker.self_describing_json.SelfDescribingJson object at 0x104c641a0>, <snowplow_tracker.self_describing_json.SelfDescribingJson object at 0x105afbb10>, <snowplow_tracker.self_describing_json.SelfDescribingJson object at 0x105afbd90>]}


============================== 16:44:47.369245 | 28d402d0-25af-4bd8-b7fb-93f404f7692f ==============================
[0m16:44:47.369245 [info ] [MainThread]: Running with dbt=1.11.2
[0m16:44:47.369494 [debug] [MainThread]: running dbt with arguments {'introspect': 'True', 'partial_parse': 'True', 'send_anonymous_usage_stats': 'True', 'indirect_selection': 'eager', 'warn_error_options': 'WarnErrorOptionsV2(error=[], warn=[], silence=[])', 'warn_error': 'None', 'use_experimental_parser': 'False', 'empty': 'None', 'use_colors': 'True', 'version_check': 'True', 'debug': 'False', 'quiet': 'False', 'invocation_command': 'dbt init olist_dbt', 'log_format': 'default', 'target_path': 'None', 'log_cache_events': 'False', 'profiles_dir': '/Users/sunilmakkar/.dbt', 'fail_fast': 'False', 'write_json': 'True', 'no_print': 'None', 'cache_selected_only': 'False', 'printer_width': '80', 'static_parser': 'True', 'log_path': 'logs'}
[0m16:44:47.376333 [debug] [MainThread]: Starter project path: /Users/sunilmakkar/dbt-ecommerce/.venv/lib/python3.13/site-packages/dbt/include/starter_project
[0m16:44:47.380644 [info ] [MainThread]: 
Your new dbt project "olist_dbt" was created!

For more information on how to configure the profiles.yml file,
please consult the dbt documentation here:

  https://docs.getdbt.com/docs/configure-your-profile

One more thing:

Need help? Don't hesitate to reach out to us via GitHub issues or on Slack:

  https://community.getdbt.com/

Happy modeling!

[0m16:44:47.380846 [info ] [MainThread]: Setting up your profile.
[0m16:44:51.528269 [debug] [MainThread]: Resource report: {"command_name": "init", "command_success": true, "command_wall_clock_time": 4.192717, "process_in_blocks": "0", "process_kernel_time": 0.116969, "process_mem_max_rss": "140050432", "process_out_blocks": "0", "process_user_time": 1.021985}
[0m16:44:51.528599 [debug] [MainThread]: Command `dbt init` succeeded at 16:44:51.528539 after 4.19 seconds
[0m16:44:51.528774 [debug] [MainThread]: Sending event: {'category': 'dbt', 'action': 'invocation', 'label': 'end', 'context': [<snowplow_tracker.self_describing_json.SelfDescribingJson object at 0x105ae3230>, <snowplow_tracker.self_describing_json.SelfDescribingJson object at 0x105402450>, <snowplow_tracker.self_describing_json.SelfDescribingJson object at 0x105ba3350>]}
[0m16:44:51.528956 [debug] [MainThread]: Flushing usage events
[0m16:44:51.875763 [debug] [MainThread]: An error was encountered while trying to flush usage events
[0m16:46:55.115546 [debug] [MainThread]: Sending event: {'category': 'dbt', 'action': 'invocation', 'label': 'start', 'context': [<snowplow_tracker.self_describing_json.SelfDescribingJson object at 0x106c4c1a0>, <snowplow_tracker.self_describing_json.SelfDescribingJson object at 0x107ae3b10>, <snowplow_tracker.self_describing_json.SelfDescribingJson object at 0x107ae3d90>]}


============================== 16:46:55.117842 | 9f1f3c58-7ab6-4d69-93d5-975501beb558 ==============================
[0m16:46:55.117842 [info ] [MainThread]: Running with dbt=1.11.2
[0m16:46:55.118101 [debug] [MainThread]: running dbt with arguments {'invocation_command': 'dbt debug', 'version_check': 'True', 'indirect_selection': 'eager', 'warn_error': 'None', 'quiet': 'False', 'profiles_dir': '/Users/sunilmakkar/.dbt', 'partial_parse': 'True', 'log_cache_events': 'False', 'log_path': 'logs', 'introspect': 'True', 'printer_width': '80', 'use_colors': 'True', 'target_path': 'None', 'use_experimental_parser': 'False', 'debug': 'False', 'fail_fast': 'False', 'log_format': 'default', 'warn_error_options': 'WarnErrorOptionsV2(error=[], warn=[], silence=[])', 'send_anonymous_usage_stats': 'True', 'empty': 'None', 'static_parser': 'True', 'write_json': 'True', 'cache_selected_only': 'False', 'no_print': 'None'}
[0m16:46:55.124987 [info ] [MainThread]: dbt version: 1.11.2
[0m16:46:55.125165 [info ] [MainThread]: python version: 3.13.2
[0m16:46:55.125279 [info ] [MainThread]: python path: /Users/sunilmakkar/dbt-ecommerce/.venv/bin/python3.13
[0m16:46:55.125378 [info ] [MainThread]: os info: macOS-14.5-arm64-arm-64bit-Mach-O
[0m16:46:55.127861 [info ] [MainThread]: Error importing adapter: No module named 'dbt.adapters.snowflake'
[0m16:46:55.128847 [info ] [MainThread]: Error importing adapter: No module named 'dbt.adapters.snowflake'
[0m16:46:55.168665 [info ] [MainThread]: Using profiles dir at /Users/sunilmakkar/.dbt
[0m16:46:55.168864 [info ] [MainThread]: Using profiles.yml file at /Users/sunilmakkar/.dbt/profiles.yml
[0m16:46:55.168984 [info ] [MainThread]: Using dbt_project.yml file at /Users/sunilmakkar/dbt-ecommerce/dbt_project.yml
[0m16:46:55.169110 [info ] [MainThread]: Configuration:
[0m16:46:55.169203 [info ] [MainThread]:   profiles.yml file [[31mERROR invalid[0m]
[0m16:46:55.169299 [info ] [MainThread]:   dbt_project.yml file [[31mERROR not found[0m]
[0m16:46:55.169394 [info ] [MainThread]: Required dependencies:
[0m16:46:55.169524 [debug] [MainThread]: Executing "git --help"
[0m16:46:55.175641 [debug] [MainThread]: STDOUT: "b"usage: git [-v | --version] [-h | --help] [-C <path>] [-c <name>=<value>]\n           [--exec-path[=<path>]] [--html-path] [--man-path] [--info-path]\n           [-p | --paginate | -P | --no-pager] [--no-replace-objects] [--bare]\n           [--git-dir=<path>] [--work-tree=<path>] [--namespace=<name>]\n           [--config-env=<name>=<envvar>] <command> [<args>]\n\nThese are common Git commands used in various situations:\n\nstart a working area (see also: git help tutorial)\n   clone     Clone a repository into a new directory\n   init      Create an empty Git repository or reinitialize an existing one\n\nwork on the current change (see also: git help everyday)\n   add       Add file contents to the index\n   mv        Move or rename a file, a directory, or a symlink\n   restore   Restore working tree files\n   rm        Remove files from the working tree and from the index\n\nexamine the history and state (see also: git help revisions)\n   bisect    Use binary search to find the commit that introduced a bug\n   diff      Show changes between commits, commit and working tree, etc\n   grep      Print lines matching a pattern\n   log       Show commit logs\n   show      Show various types of objects\n   status    Show the working tree status\n\ngrow, mark and tweak your common history\n   branch    List, create, or delete branches\n   commit    Record changes to the repository\n   merge     Join two or more development histories together\n   rebase    Reapply commits on top of another base tip\n   reset     Reset current HEAD to the specified state\n   switch    Switch branches\n   tag       Create, list, delete or verify a tag object signed with GPG\n\ncollaborate (see also: git help workflows)\n   fetch     Download objects and refs from another repository\n   pull      Fetch from and integrate with another repository or a local branch\n   push      Update remote refs along with associated objects\n\n'git help -a' and 'git help -g' list available subcommands and some\nconcept guides. See 'git help <command>' or 'git help <concept>'\nto read about a specific subcommand or concept.\nSee 'git help git' for an overview of the system.\n""
[0m16:46:55.175999 [debug] [MainThread]: STDERR: "b''"
[0m16:46:55.176135 [info ] [MainThread]:  - git [[32mOK found[0m]

[0m16:46:55.176268 [info ] [MainThread]: Connection test skipped since no profile was found
[0m16:46:55.176453 [info ] [MainThread]: [31m2 checks failed:[0m
[0m16:46:55.176561 [info ] [MainThread]: Could not load dbt_project.yml
Profile loading failed for the following reason:
Runtime Error
  Credentials in profile "data_pipeline", target "dev" invalid: Runtime Error
    Could not find adapter type snowflake!

Runtime Error
  Credentials in profile "spotify_analytics", target "dev" invalid: Runtime Error
    Could not find adapter type snowflake!


[0m16:46:55.176680 [info ] [MainThread]: Project loading failed for the following reason:
 project path </Users/sunilmakkar/dbt-ecommerce/dbt_project.yml> not found

[0m16:46:55.177493 [debug] [MainThread]: Resource report: {"command_name": "debug", "command_success": false, "command_wall_clock_time": 0.08741246, "process_in_blocks": "0", "process_kernel_time": 0.090374, "process_mem_max_rss": "139739136", "process_out_blocks": "0", "process_user_time": 0.947423}
[0m16:46:55.177680 [debug] [MainThread]: Command `dbt debug` failed at 16:46:55.177642 after 0.09 seconds
[0m16:46:55.177855 [debug] [MainThread]: Sending event: {'category': 'dbt', 'action': 'invocation', 'label': 'end', 'context': [<snowplow_tracker.self_describing_json.SelfDescribingJson object at 0x107ce0770>, <snowplow_tracker.self_describing_json.SelfDescribingJson object at 0x107b20290>, <snowplow_tracker.self_describing_json.SelfDescribingJson object at 0x107b84490>]}
[0m16:46:55.178011 [debug] [MainThread]: Flushing usage events
[0m16:46:55.541193 [debug] [MainThread]: An error was encountered while trying to flush usage events
[0m17:24:27.161209 [debug] [MainThread]: Sending event: {'category': 'dbt', 'action': 'invocation', 'label': 'start', 'context': [<snowplow_tracker.self_describing_json.SelfDescribingJson object at 0x121f001a0>, <snowplow_tracker.self_describing_json.SelfDescribingJson object at 0x125f97b10>, <snowplow_tracker.self_describing_json.SelfDescribingJson object at 0x125f97d90>]}


============================== 17:24:27.163996 | 4f557ce4-d29b-43b4-9da3-246e143d2b1e ==============================
[0m17:24:27.163996 [info ] [MainThread]: Running with dbt=1.11.2
[0m17:24:27.164282 [debug] [MainThread]: running dbt with arguments {'warn_error': 'None', 'partial_parse': 'True', 'profiles_dir': '/Users/sunilmakkar/.dbt', 'use_colors': 'True', 'no_print': 'None', 'printer_width': '80', 'debug': 'False', 'log_path': 'logs', 'static_parser': 'True', 'use_experimental_parser': 'False', 'version_check': 'True', 'warn_error_options': 'WarnErrorOptionsV2(error=[], warn=[], silence=[])', 'fail_fast': 'False', 'send_anonymous_usage_stats': 'True', 'log_format': 'default', 'cache_selected_only': 'False', 'target_path': 'None', 'indirect_selection': 'eager', 'write_json': 'True', 'empty': 'None', 'invocation_command': 'dbt deps', 'log_cache_events': 'False', 'introspect': 'True', 'quiet': 'False'}
[0m17:24:27.164657 [error] [MainThread]: Encountered an error:
Runtime Error
  No dbt_project.yml found at expected path /Users/sunilmakkar/dbt-ecommerce/dbt_project.yml
  Verify that each entry within packages.yml (and their transitive dependencies) contains a file named dbt_project.yml
  
[0m17:24:27.166122 [debug] [MainThread]: Resource report: {"command_name": "deps", "command_success": false, "command_wall_clock_time": 0.036453083, "process_in_blocks": "0", "process_kernel_time": 0.132141, "process_mem_max_rss": "123600896", "process_out_blocks": "0", "process_user_time": 1.016249}
[0m17:24:27.166315 [debug] [MainThread]: Command `dbt deps` failed at 17:24:27.166280 after 0.04 seconds
[0m17:24:27.166446 [debug] [MainThread]: Sending event: {'category': 'dbt', 'action': 'invocation', 'label': 'end', 'context': [<snowplow_tracker.self_describing_json.SelfDescribingJson object at 0x125f7f100>, <snowplow_tracker.self_describing_json.SelfDescribingJson object at 0x125fd5d90>, <snowplow_tracker.self_describing_json.SelfDescribingJson object at 0x125ddfac0>]}
[0m17:24:27.166569 [debug] [MainThread]: Flushing usage events
[0m17:24:27.503620 [debug] [MainThread]: An error was encountered while trying to flush usage events
[0m19:03:25.511606 [debug] [MainThread]: Sending event: {'category': 'dbt', 'action': 'invocation', 'label': 'start', 'context': [<snowplow_tracker.self_describing_json.SelfDescribingJson object at 0x106c001a0>, <snowplow_tracker.self_describing_json.SelfDescribingJson object at 0x121397b10>, <snowplow_tracker.self_describing_json.SelfDescribingJson object at 0x121397d90>]}


============================== 19:03:25.513998 | 8ad5aa94-179c-4d49-89a6-b706ce25ad29 ==============================
[0m19:03:25.513998 [info ] [MainThread]: Running with dbt=1.11.2
[0m19:03:25.514263 [debug] [MainThread]: running dbt with arguments {'use_experimental_parser': 'False', 'warn_error': 'None', 'partial_parse': 'True', 'warn_error_options': 'WarnErrorOptionsV2(error=[], warn=[], silence=[])', 'target_path': 'None', 'use_colors': 'True', 'invocation_command': 'dbt deps', 'debug': 'False', 'log_cache_events': 'False', 'empty': 'None', 'send_anonymous_usage_stats': 'True', 'printer_width': '80', 'profiles_dir': '/Users/sunilmakkar/.dbt', 'version_check': 'True', 'indirect_selection': 'eager', 'no_print': 'None', 'write_json': 'True', 'cache_selected_only': 'False', 'static_parser': 'True', 'log_path': 'logs', 'quiet': 'False', 'log_format': 'default', 'introspect': 'True', 'fail_fast': 'False'}
[0m19:03:25.514609 [error] [MainThread]: Encountered an error:
Runtime Error
  No dbt_project.yml found at expected path /Users/sunilmakkar/dbt-ecommerce/dbt_project.yml
  Verify that each entry within packages.yml (and their transitive dependencies) contains a file named dbt_project.yml
  
[0m19:03:25.515592 [debug] [MainThread]: Resource report: {"command_name": "deps", "command_success": false, "command_wall_clock_time": 0.03213879, "process_in_blocks": "0", "process_kernel_time": 0.094643, "process_mem_max_rss": "123158528", "process_out_blocks": "0", "process_user_time": 0.899591}
[0m19:03:25.515797 [debug] [MainThread]: Command `dbt deps` failed at 19:03:25.515762 after 0.03 seconds
[0m19:03:25.515919 [debug] [MainThread]: Sending event: {'category': 'dbt', 'action': 'invocation', 'label': 'end', 'context': [<snowplow_tracker.self_describing_json.SelfDescribingJson object at 0x12138b100>, <snowplow_tracker.self_describing_json.SelfDescribingJson object at 0x1213d5d90>, <snowplow_tracker.self_describing_json.SelfDescribingJson object at 0x1211dfac0>]}
[0m19:03:25.516044 [debug] [MainThread]: Flushing usage events
[0m19:03:25.866881 [debug] [MainThread]: An error was encountered while trying to flush usage events
[0m14:45:02.645362 [debug] [MainThread]: Sending event: {'category': 'dbt', 'action': 'invocation', 'label': 'start', 'context': [<snowplow_tracker.self_describing_json.SelfDescribingJson object at 0x1076901a0>, <snowplow_tracker.self_describing_json.SelfDescribingJson object at 0x108533b10>, <snowplow_tracker.self_describing_json.SelfDescribingJson object at 0x108533d90>]}


============================== 14:45:02.647930 | ddb9faa9-d29d-4567-a600-d03e6c43586e ==============================
[0m14:45:02.647930 [info ] [MainThread]: Running with dbt=1.11.2
[0m14:45:02.648184 [debug] [MainThread]: running dbt with arguments {'introspect': 'True', 'debug': 'False', 'quiet': 'False', 'empty': 'None', 'warn_error_options': 'WarnErrorOptionsV2(error=[], warn=[], silence=[])', 'log_cache_events': 'False', 'use_colors': 'True', 'target_path': 'None', 'send_anonymous_usage_stats': 'True', 'log_format': 'default', 'partial_parse': 'True', 'use_experimental_parser': 'False', 'warn_error': 'None', 'static_parser': 'True', 'indirect_selection': 'eager', 'write_json': 'True', 'profiles_dir': '/Users/sunilmakkar/.dbt', 'fail_fast': 'False', 'printer_width': '80', 'version_check': 'True', 'no_print': 'None', 'log_path': 'logs', 'cache_selected_only': 'False', 'invocation_command': 'dbt test'}
[0m14:45:02.648425 [error] [MainThread]: Encountered an error:
Runtime Error
  No dbt_project.yml found at expected path /Users/sunilmakkar/dbt-ecommerce/dbt_project.yml
  Verify that each entry within packages.yml (and their transitive dependencies) contains a file named dbt_project.yml
  
[0m14:45:02.649886 [debug] [MainThread]: Resource report: {"command_name": "test", "command_success": false, "command_wall_clock_time": 0.035274792, "process_in_blocks": "0", "process_kernel_time": 0.135757, "process_mem_max_rss": "122699776", "process_out_blocks": "0", "process_user_time": 1.021685}
[0m14:45:02.650126 [debug] [MainThread]: Command `dbt test` failed at 14:45:02.650084 after 0.04 seconds
[0m14:45:02.650258 [debug] [MainThread]: Sending event: {'category': 'dbt', 'action': 'invocation', 'label': 'end', 'context': [<snowplow_tracker.self_describing_json.SelfDescribingJson object at 0x10851b100>, <snowplow_tracker.self_describing_json.SelfDescribingJson object at 0x108569c70>, <snowplow_tracker.self_describing_json.SelfDescribingJson object at 0x10836fac0>]}
[0m14:45:02.650381 [debug] [MainThread]: Flushing usage events
[0m14:45:03.038456 [debug] [MainThread]: An error was encountered while trying to flush usage events
[0m14:45:10.095245 [debug] [MainThread]: Sending event: {'category': 'dbt', 'action': 'invocation', 'label': 'start', 'context': [<snowplow_tracker.self_describing_json.SelfDescribingJson object at 0x112a001a0>, <snowplow_tracker.self_describing_json.SelfDescribingJson object at 0x114da3b10>, <snowplow_tracker.self_describing_json.SelfDescribingJson object at 0x114da3d90>]}


============================== 14:45:10.097407 | 2d02cb6d-04cd-45ca-9352-f5800d09f1a2 ==============================
[0m14:45:10.097407 [info ] [MainThread]: Running with dbt=1.11.2
[0m14:45:10.097661 [debug] [MainThread]: running dbt with arguments {'target_path': 'None', 'indirect_selection': 'eager', 'send_anonymous_usage_stats': 'True', 'log_cache_events': 'False', 'use_colors': 'True', 'write_json': 'True', 'no_print': 'None', 'log_path': 'logs', 'static_parser': 'True', 'profiles_dir': '/Users/sunilmakkar/.dbt', 'empty': 'None', 'log_format': 'default', 'use_experimental_parser': 'False', 'printer_width': '80', 'quiet': 'False', 'debug': 'False', 'introspect': 'True', 'version_check': 'True', 'invocation_command': 'dbt test', 'partial_parse': 'True', 'fail_fast': 'False', 'warn_error_options': 'WarnErrorOptionsV2(error=[], warn=[], silence=[])', 'cache_selected_only': 'False', 'warn_error': 'None'}
[0m14:45:10.097898 [error] [MainThread]: Encountered an error:
Runtime Error
  No dbt_project.yml found at expected path /Users/sunilmakkar/dbt-ecommerce/dbt_project.yml
  Verify that each entry within packages.yml (and their transitive dependencies) contains a file named dbt_project.yml
  
[0m14:45:10.098668 [debug] [MainThread]: Resource report: {"command_name": "test", "command_success": false, "command_wall_clock_time": 0.029825917, "process_in_blocks": "0", "process_kernel_time": 0.070989, "process_mem_max_rss": "123928576", "process_out_blocks": "0", "process_user_time": 0.901968}
[0m14:45:10.098902 [debug] [MainThread]: Command `dbt test` failed at 14:45:10.098860 after 0.03 seconds
[0m14:45:10.099038 [debug] [MainThread]: Sending event: {'category': 'dbt', 'action': 'invocation', 'label': 'end', 'context': [<snowplow_tracker.self_describing_json.SelfDescribingJson object at 0x114d93100>, <snowplow_tracker.self_describing_json.SelfDescribingJson object at 0x114dd9c70>, <snowplow_tracker.self_describing_json.SelfDescribingJson object at 0x114bdfac0>]}
[0m14:45:10.099167 [debug] [MainThread]: Flushing usage events
[0m14:45:10.309636 [debug] [MainThread]: An error was encountered while trying to flush usage events
